<?xml version="1.0"?>
<!--Phoronix Test Suite v4.8.3 (Sokndal)-->
<PhoronixTestSuite>
  <TestInformation>
    <Title>ArrayFire</Title>
    <AppVersion>1.0</AppVersion>
    <Description>ArrayFire is an GPU and CPU numeric processing library, this test uses the arrayfire benchmarking program from Shehzan Mohammed
    </Description>
    <ResultScale>Î¼s</ResultScale>
    <Proportion>LIB</Proportion>
    <TimesToRun>1</TimesToRun>
  </TestInformation>
  <TestProfile>
    <Version>3.4.0</Version>
    <SupportedPlatforms>Linux, BSD, MacOSX</SupportedPlatforms>
    <SoftwareType>Utility</SoftwareType>
    <TestType>Processor</TestType>
    <License>Free</License>
    <Status>Verified</Status>
    <ExternalDependencies>build-utilities,boost-development,cmake,freeimage,glew,glfw,openblas,lapack-development,ncurses-development,opencl,CUDA,arrayfire-devel</ExternalDependencies>
    <EnvironmentSize>1.0</EnvironmentSize>
    <ProjectURL>http://davibu.interfree.it/opencl/ArrayFire/ArrayFire.html</ProjectURL>
    <InternalTags>OpenCL</InternalTags>
    <InternalTags>CUDA</InternalTags>
    <Maintainer>Jason Newton</Maintainer>
  </TestProfile>
  <TestSettings>
    <Default>
    </Default>
    <Option>
      <DisplayName>Platform</DisplayName>
      <Identifier>platform</Identifier>
      <ArgumentPrefix></ArgumentPrefix>
      <ArgumentPostfix> --use-max-problemspace</ArgumentPostfix>
      <DefaultEntry>0</DefaultEntry>
      <Menu>
        <Entry>
          <Name>OpenCL</Name>
          <Value>bin/benchmark_opencl</Value>
        </Entry>
        <Entry>
          <Name>CUDA</Name>
          <Value>bin/benchmark_cuda</Value>
        </Entry>
        <Entry>
          <Name>CPU</Name>
          <Value>bin/benchmark_cpu</Value>
        </Entry>
      </Menu>
    </Option>
    <Option>
      <DisplayName>Benchmark</DisplayName>
      <Identifier>benchmark</Identifier>
      <ArgumentPrefix>--benchmark=</ArgumentPrefix>
      <Menu>
          <Entry>
            <Name>Accumulate_1D_f32</Name>
            <Value>Accumulate_1D_f32</Value>
          </Entry>
          <Entry>
            <Name>Accumulate_1D_f64</Name>
            <Value>Accumulate_1D_f64</Value>
          </Entry>
          <Entry>
            <Name>Accumulate_2D_f32</Name>
            <Value>Accumulate_2D_f32</Value>
          </Entry>
          <Entry>
            <Name>Accumulate_2D_f64</Name>
            <Value>Accumulate_2D_f64</Value>
          </Entry>
          <Entry>
            <Name>Bandwidth_f32</Name>
            <Value>Bandwidth_f32</Value>
          </Entry>
          <Entry>
            <Name>Bandwidth_f64</Name>
            <Value>Bandwidth_f64</Value>
          </Entry>
          <Entry>
            <Name>BilateralFilter_f32</Name>
            <Value>BilateralFilter_f32</Value>
          </Entry>
          <Entry>
            <Name>BilateralFilter_f64</Name>
            <Value>BilateralFilter_f64</Value>
          </Entry>
          <Entry>
            <Name>Convolve_f32_11x11</Name>
            <Value>Convolve_f32_11x11</Value>
          </Entry>
          <Entry>
            <Name>Convolve_f32_5x5</Name>
            <Value>Convolve_f32_5x5</Value>
          </Entry>
          <Entry>
            <Name>Convolve_f32_9x9</Name>
            <Value>Convolve_f32_9x9</Value>
          </Entry>
          <Entry>
            <Name>Convolve_f64_11x11</Name>
            <Value>Convolve_f64_11x11</Value>
          </Entry>
          <Entry>
            <Name>Convolve_f64_5x5</Name>
            <Value>Convolve_f64_5x5</Value>
          </Entry>
          <Entry>
            <Name>Convolve_f64_9x9</Name>
            <Value>Convolve_f64_9x9</Value>
          </Entry>
          <Entry>
            <Name>Data_f32_CONSTANT</Name>
            <Value>Data_f32_CONSTANT</Value>
          </Entry>
          <Entry>
            <Name>Data_f32_IDENTITY</Name>
            <Value>Data_f32_IDENTITY</Value>
          </Entry>
          <Entry>
            <Name>Data_f32_RANDN</Name>
            <Value>Data_f32_RANDN</Value>
          </Entry>
          <Entry>
            <Name>Data_f32_RANDU</Name>
            <Value>Data_f32_RANDU</Value>
          </Entry>
          <Entry>
            <Name>Data_f32_RANGE</Name>
            <Value>Data_f32_RANGE</Value>
          </Entry>
          <Entry>
            <Name>Data_f64_CONSTANT</Name>
            <Value>Data_f64_CONSTANT</Value>
          </Entry>
          <Entry>
            <Name>Data_f64_IDENTITY</Name>
            <Value>Data_f64_IDENTITY</Value>
          </Entry>
          <Entry>
            <Name>Data_f64_RANDN</Name>
            <Value>Data_f64_RANDN</Value>
          </Entry>
          <Entry>
            <Name>Data_f64_RANDU</Name>
            <Value>Data_f64_RANDU</Value>
          </Entry>
          <Entry>
            <Name>Data_f64_RANGE</Name>
            <Value>Data_f64_RANGE</Value>
          </Entry>
          <Entry>
            <Name>ELWISE_f32_ADD</Name>
            <Value>ELWISE_f32_ADD</Value>
          </Entry>
          <Entry>
            <Name>ELWISE_f32_ADD_CONSTANT</Name>
            <Value>ELWISE_f32_ADD_CONSTANT</Value>
          </Entry>
          <Entry>
            <Name>ELWISE_f32_ARC_COS</Name>
            <Value>ELWISE_f32_ARC_COS</Value>
          </Entry>
          <Entry>
            <Name>ELWISE_f32_ARC_SIN</Name>
            <Value>ELWISE_f32_ARC_SIN</Value>
          </Entry>
          <Entry>
            <Name>ELWISE_f32_ARC_TAN</Name>
            <Value>ELWISE_f32_ARC_TAN</Value>
          </Entry>
          <Entry>
            <Name>ELWISE_f32_ATAN2</Name>
            <Value>ELWISE_f32_ATAN2</Value>
          </Entry>
          <Entry>
            <Name>ELWISE_f32_CBRT</Name>
            <Value>ELWISE_f32_CBRT</Value>
          </Entry>
          <Entry>
            <Name>ELWISE_f32_COS</Name>
            <Value>ELWISE_f32_COS</Value>
          </Entry>
          <Entry>
            <Name>ELWISE_f32_DIVIDE</Name>
            <Value>ELWISE_f32_DIVIDE</Value>
          </Entry>
          <Entry>
            <Name>ELWISE_f32_DIVIDE_CONSTANT</Name>
            <Value>ELWISE_f32_DIVIDE_CONSTANT</Value>
          </Entry>
          <Entry>
            <Name>ELWISE_f32_ERF</Name>
            <Value>ELWISE_f32_ERF</Value>
          </Entry>
          <Entry>
            <Name>ELWISE_f32_ERFC</Name>
            <Value>ELWISE_f32_ERFC</Value>
          </Entry>
          <Entry>
            <Name>ELWISE_f32_EXP</Name>
            <Value>ELWISE_f32_EXP</Value>
          </Entry>
          <Entry>
            <Name>ELWISE_f32_EXP_M1</Name>
            <Value>ELWISE_f32_EXP_M1</Value>
          </Entry>
          <Entry>
            <Name>ELWISE_f32_HYPOT</Name>
            <Value>ELWISE_f32_HYPOT</Value>
          </Entry>
          <Entry>
            <Name>ELWISE_f32_HYP_ARC_COS</Name>
            <Value>ELWISE_f32_HYP_ARC_COS</Value>
          </Entry>
          <Entry>
            <Name>ELWISE_f32_HYP_ARC_SIN</Name>
            <Value>ELWISE_f32_HYP_ARC_SIN</Value>
          </Entry>
          <Entry>
            <Name>ELWISE_f32_HYP_ARC_TAN</Name>
            <Value>ELWISE_f32_HYP_ARC_TAN</Value>
          </Entry>
          <Entry>
            <Name>ELWISE_f32_HYP_COS</Name>
            <Value>ELWISE_f32_HYP_COS</Value>
          </Entry>
          <Entry>
            <Name>ELWISE_f32_HYP_SIN</Name>
            <Value>ELWISE_f32_HYP_SIN</Value>
          </Entry>
          <Entry>
            <Name>ELWISE_f32_HYP_TAN</Name>
            <Value>ELWISE_f32_HYP_TAN</Value>
          </Entry>
          <Entry>
            <Name>ELWISE_f32_IS_INF</Name>
            <Value>ELWISE_f32_IS_INF</Value>
          </Entry>
          <Entry>
            <Name>ELWISE_f32_IS_NAN</Name>
            <Value>ELWISE_f32_IS_NAN</Value>
          </Entry>
          <Entry>
            <Name>ELWISE_f32_IS_ZERO</Name>
            <Value>ELWISE_f32_IS_ZERO</Value>
          </Entry>
          <Entry>
            <Name>ELWISE_f32_LGAMMA</Name>
            <Value>ELWISE_f32_LGAMMA</Value>
          </Entry>
          <Entry>
            <Name>ELWISE_f32_LOG10</Name>
            <Value>ELWISE_f32_LOG10</Value>
          </Entry>
          <Entry>
            <Name>ELWISE_f32_LOG_1P</Name>
            <Value>ELWISE_f32_LOG_1P</Value>
          </Entry>
          <Entry>
            <Name>ELWISE_f32_LOG_E</Name>
            <Value>ELWISE_f32_LOG_E</Value>
          </Entry>
          <Entry>
            <Name>ELWISE_f32_MAX</Name>
            <Value>ELWISE_f32_MAX</Value>
          </Entry>
          <Entry>
            <Name>ELWISE_f32_MIN</Name>
            <Value>ELWISE_f32_MIN</Value>
          </Entry>
          <Entry>
            <Name>ELWISE_f32_MODULO</Name>
            <Value>ELWISE_f32_MODULO</Value>
          </Entry>
          <Entry>
            <Name>ELWISE_f32_MULTIPLY</Name>
            <Value>ELWISE_f32_MULTIPLY</Value>
          </Entry>
          <Entry>
            <Name>ELWISE_f32_MULTIPY_CONSTANT</Name>
            <Value>ELWISE_f32_MULTIPY_CONSTANT</Value>
          </Entry>
          <Entry>
            <Name>ELWISE_f32_POW</Name>
            <Value>ELWISE_f32_POW</Value>
          </Entry>
          <Entry>
            <Name>ELWISE_f32_REMAINDER</Name>
            <Value>ELWISE_f32_REMAINDER</Value>
          </Entry>
          <Entry>
            <Name>ELWISE_f32_SIN</Name>
            <Value>ELWISE_f32_SIN</Value>
          </Entry>
          <Entry>
            <Name>ELWISE_f32_SQRT</Name>
            <Value>ELWISE_f32_SQRT</Value>
          </Entry>
          <Entry>
            <Name>ELWISE_f32_SUBTRACT</Name>
            <Value>ELWISE_f32_SUBTRACT</Value>
          </Entry>
          <Entry>
            <Name>ELWISE_f32_SUBTRACT_CONSTANT</Name>
            <Value>ELWISE_f32_SUBTRACT_CONSTANT</Value>
          </Entry>
          <Entry>
            <Name>ELWISE_f32_TAN</Name>
            <Value>ELWISE_f32_TAN</Value>
          </Entry>
          <Entry>
            <Name>ELWISE_f32_TGAMMA</Name>
            <Value>ELWISE_f32_TGAMMA</Value>
          </Entry>
          <Entry>
            <Name>ELWISE_f64_ADD</Name>
            <Value>ELWISE_f64_ADD</Value>
          </Entry>
          <Entry>
            <Name>ELWISE_f64_ADD_CONSTANT</Name>
            <Value>ELWISE_f64_ADD_CONSTANT</Value>
          </Entry>
          <Entry>
            <Name>ELWISE_f64_ARC_COS</Name>
            <Value>ELWISE_f64_ARC_COS</Value>
          </Entry>
          <Entry>
            <Name>ELWISE_f64_ARC_SIN</Name>
            <Value>ELWISE_f64_ARC_SIN</Value>
          </Entry>
          <Entry>
            <Name>ELWISE_f64_ARC_TAN</Name>
            <Value>ELWISE_f64_ARC_TAN</Value>
          </Entry>
          <Entry>
            <Name>ELWISE_f64_ATAN2</Name>
            <Value>ELWISE_f64_ATAN2</Value>
          </Entry>
          <Entry>
            <Name>ELWISE_f64_CBRT</Name>
            <Value>ELWISE_f64_CBRT</Value>
          </Entry>
          <Entry>
            <Name>ELWISE_f64_COS</Name>
            <Value>ELWISE_f64_COS</Value>
          </Entry>
          <Entry>
            <Name>ELWISE_f64_DIVIDE</Name>
            <Value>ELWISE_f64_DIVIDE</Value>
          </Entry>
          <Entry>
            <Name>ELWISE_f64_DIVIDE_CONSTANT</Name>
            <Value>ELWISE_f64_DIVIDE_CONSTANT</Value>
          </Entry>
          <Entry>
            <Name>ELWISE_f64_ERF</Name>
            <Value>ELWISE_f64_ERF</Value>
          </Entry>
          <Entry>
            <Name>ELWISE_f64_ERFC</Name>
            <Value>ELWISE_f64_ERFC</Value>
          </Entry>
          <Entry>
            <Name>ELWISE_f64_EXP</Name>
            <Value>ELWISE_f64_EXP</Value>
          </Entry>
          <Entry>
            <Name>ELWISE_f64_EXP_M1</Name>
            <Value>ELWISE_f64_EXP_M1</Value>
          </Entry>
          <Entry>
            <Name>ELWISE_f64_HYPOT</Name>
            <Value>ELWISE_f64_HYPOT</Value>
          </Entry>
          <Entry>
            <Name>ELWISE_f64_HYP_ARC_COS</Name>
            <Value>ELWISE_f64_HYP_ARC_COS</Value>
          </Entry>
          <Entry>
            <Name>ELWISE_f64_HYP_ARC_SIN</Name>
            <Value>ELWISE_f64_HYP_ARC_SIN</Value>
          </Entry>
          <Entry>
            <Name>ELWISE_f64_HYP_ARC_TAN</Name>
            <Value>ELWISE_f64_HYP_ARC_TAN</Value>
          </Entry>
          <Entry>
            <Name>ELWISE_f64_HYP_COS</Name>
            <Value>ELWISE_f64_HYP_COS</Value>
          </Entry>
          <Entry>
            <Name>ELWISE_f64_HYP_SIN</Name>
            <Value>ELWISE_f64_HYP_SIN</Value>
          </Entry>
          <Entry>
            <Name>ELWISE_f64_HYP_TAN</Name>
            <Value>ELWISE_f64_HYP_TAN</Value>
          </Entry>
          <Entry>
            <Name>ELWISE_f64_IS_INF</Name>
            <Value>ELWISE_f64_IS_INF</Value>
          </Entry>
          <Entry>
            <Name>ELWISE_f64_IS_NAN</Name>
            <Value>ELWISE_f64_IS_NAN</Value>
          </Entry>
          <Entry>
            <Name>ELWISE_f64_IS_ZERO</Name>
            <Value>ELWISE_f64_IS_ZERO</Value>
          </Entry>
          <Entry>
            <Name>ELWISE_f64_LGAMMA</Name>
            <Value>ELWISE_f64_LGAMMA</Value>
          </Entry>
          <Entry>
            <Name>ELWISE_f64_LOG10</Name>
            <Value>ELWISE_f64_LOG10</Value>
          </Entry>
          <Entry>
            <Name>ELWISE_f64_LOG_1P</Name>
            <Value>ELWISE_f64_LOG_1P</Value>
          </Entry>
          <Entry>
            <Name>ELWISE_f64_LOG_E</Name>
            <Value>ELWISE_f64_LOG_E</Value>
          </Entry>
          <Entry>
            <Name>ELWISE_f64_MAX</Name>
            <Value>ELWISE_f64_MAX</Value>
          </Entry>
          <Entry>
            <Name>ELWISE_f64_MIN</Name>
            <Value>ELWISE_f64_MIN</Value>
          </Entry>
          <Entry>
            <Name>ELWISE_f64_MODULO</Name>
            <Value>ELWISE_f64_MODULO</Value>
          </Entry>
          <Entry>
            <Name>ELWISE_f64_MULTIPLY</Name>
            <Value>ELWISE_f64_MULTIPLY</Value>
          </Entry>
          <Entry>
            <Name>ELWISE_f64_MULTIPY_CONSTANT</Name>
            <Value>ELWISE_f64_MULTIPY_CONSTANT</Value>
          </Entry>
          <Entry>
            <Name>ELWISE_f64_POW</Name>
            <Value>ELWISE_f64_POW</Value>
          </Entry>
          <Entry>
            <Name>ELWISE_f64_REMAINDER</Name>
            <Value>ELWISE_f64_REMAINDER</Value>
          </Entry>
          <Entry>
            <Name>ELWISE_f64_SIN</Name>
            <Value>ELWISE_f64_SIN</Value>
          </Entry>
          <Entry>
            <Name>ELWISE_f64_SQRT</Name>
            <Value>ELWISE_f64_SQRT</Value>
          </Entry>
          <Entry>
            <Name>ELWISE_f64_SUBTRACT</Name>
            <Value>ELWISE_f64_SUBTRACT</Value>
          </Entry>
          <Entry>
            <Name>ELWISE_f64_SUBTRACT_CONSTANT</Name>
            <Value>ELWISE_f64_SUBTRACT_CONSTANT</Value>
          </Entry>
          <Entry>
            <Name>ELWISE_f64_TAN</Name>
            <Value>ELWISE_f64_TAN</Value>
          </Entry>
          <Entry>
            <Name>ELWISE_f64_TGAMMA</Name>
            <Value>ELWISE_f64_TGAMMA</Value>
          </Entry>
          <Entry>
            <Name>Erode_f32_5x5</Name>
            <Value>Erode_f32_5x5</Value>
          </Entry>
          <Entry>
            <Name>Erode_f64_5x5</Name>
            <Value>Erode_f64_5x5</Value>
          </Entry>
          <Entry>
            <Name>FFT_1D_f32</Name>
            <Value>FFT_1D_f32</Value>
          </Entry>
          <Entry>
            <Name>FFT_1D_f64</Name>
            <Value>FFT_1D_f64</Value>
          </Entry>
          <Entry>
            <Name>FFT_2D_f32</Name>
            <Value>FFT_2D_f32</Value>
          </Entry>
          <Entry>
            <Name>FFT_2D_f64</Name>
            <Value>FFT_2D_f64</Value>
          </Entry>
          <Entry>
            <Name>GFOR_FOR_LOOP_SUM</Name>
            <Value>GFOR_FOR_LOOP_SUM</Value>
          </Entry>
          <Entry>
            <Name>GFOR_NO_LOOP_SUM</Name>
            <Value>GFOR_NO_LOOP_SUM</Value>
          </Entry>
          <Entry>
            <Name>GFOR_SUM</Name>
            <Value>GFOR_SUM</Value>
          </Entry>
          <Entry>
            <Name>Histogram_f32</Name>
            <Value>Histogram_f32</Value>
          </Entry>
          <Entry>
            <Name>Histogram_f64</Name>
            <Value>Histogram_f64</Value>
          </Entry>
          <Entry>
            <Name>Image_Bilateral_11x11</Name>
            <Value>Image_Bilateral_11x11</Value>
          </Entry>
          <Entry>
            <Name>Image_Bilateral_5x5</Name>
            <Value>Image_Bilateral_5x5</Value>
          </Entry>
          <Entry>
            <Name>Image_Bilateral_9x9</Name>
            <Value>Image_Bilateral_9x9</Value>
          </Entry>
          <Entry>
            <Name>Image_Convolve_11x11</Name>
            <Value>Image_Convolve_11x11</Value>
          </Entry>
          <Entry>
            <Name>Image_Convolve_5x5</Name>
            <Value>Image_Convolve_5x5</Value>
          </Entry>
          <Entry>
            <Name>Image_Convolve_9x9</Name>
            <Value>Image_Convolve_9x9</Value>
          </Entry>
          <Entry>
            <Name>Image_Erode_11x11</Name>
            <Value>Image_Erode_11x11</Value>
          </Entry>
          <Entry>
            <Name>Image_Erode_5x5</Name>
            <Value>Image_Erode_5x5</Value>
          </Entry>
          <Entry>
            <Name>Image_Erode_9x9</Name>
            <Value>Image_Erode_9x9</Value>
          </Entry>
          <Entry>
            <Name>Image_FAST</Name>
            <Value>Image_FAST</Value>
          </Entry>
          <Entry>
            <Name>Image_Histogram</Name>
            <Value>Image_Histogram</Value>
          </Entry>
          <Entry>
            <Name>Image_ORB</Name>
            <Value>Image_ORB</Value>
          </Entry>
          <Entry>
            <Name>Image_Resize_Expand_2x</Name>
            <Value>Image_Resize_Expand_2x</Value>
          </Entry>
          <Entry>
            <Name>Image_Resize_Shrink_2x</Name>
            <Value>Image_Resize_Shrink_2x</Value>
          </Entry>
          <Entry>
            <Name>Cholesky_f32</Name>
            <Value>Cholesky_f32</Value>
          </Entry>
          <Entry>
            <Name>Cholesky_f64</Name>
            <Value>Cholesky_f64</Value>
          </Entry>
          <Entry>
            <Name>LU_f32</Name>
            <Value>LU_f32</Value>
          </Entry>
          <Entry>
            <Name>LU_f64</Name>
            <Value>LU_f64</Value>
          </Entry>
          <Entry>
            <Name>MatrixMultiply_f32</Name>
            <Value>MatrixMultiply_f32</Value>
          </Entry>
          <Entry>
            <Name>MatrixMultiply_f64</Name>
            <Value>MatrixMultiply_f64</Value>
          </Entry>
          <Entry>
            <Name>MedianFilter_f32_4x4_PAD_SYM</Name>
            <Value>MedianFilter_f32_4x4_PAD_SYM</Value>
          </Entry>
          <Entry>
            <Name>MedianFilter_f32_4x4_PAD_ZERO</Name>
            <Value>MedianFilter_f32_4x4_PAD_ZERO</Value>
          </Entry>
          <Entry>
            <Name>MedianFilter_f64_4x4_PAD_SYM</Name>
            <Value>MedianFilter_f64_4x4_PAD_SYM</Value>
          </Entry>
          <Entry>
            <Name>MedianFilter_f64_4x4_PAD_ZERO</Name>
            <Value>MedianFilter_f64_4x4_PAD_ZERO</Value>
          </Entry>
          <Entry>
            <Name>PinnedMemory_f32_Bandwidth</Name>
            <Value>PinnedMemory_f32_Bandwidth</Value>
          </Entry>
          <Entry>
            <Name>PinnedMemory_f64_Bandwidth</Name>
            <Value>PinnedMemory_f64_Bandwidth</Value>
          </Entry>
          <Entry>
            <Name>Expand_2D_f32_AF_INTERP_BILINEAR</Name>
            <Value>Expand_2D_f32_AF_INTERP_BILINEAR</Value>
          </Entry>
          <Entry>
            <Name>Expand_2D_f32_AF_INTERP_NEAREST</Name>
            <Value>Expand_2D_f32_AF_INTERP_NEAREST</Value>
          </Entry>
          <Entry>
            <Name>Expand_2D_f64_AF_INTERP_BILINEAR</Name>
            <Value>Expand_2D_f64_AF_INTERP_BILINEAR</Value>
          </Entry>
          <Entry>
            <Name>Expand_2D_f64_AF_INTERP_NEAREST</Name>
            <Value>Expand_2D_f64_AF_INTERP_NEAREST</Value>
          </Entry>
          <Entry>
            <Name>Shrink_2D_f32_AF_INTERP_BILINEAR</Name>
            <Value>Shrink_2D_f32_AF_INTERP_BILINEAR</Value>
          </Entry>
          <Entry>
            <Name>Shrink_2D_f32_AF_INTERP_NEAREST</Name>
            <Value>Shrink_2D_f32_AF_INTERP_NEAREST</Value>
          </Entry>
          <Entry>
            <Name>Shrink_2D_f64_AF_INTERP_BILINEAR</Name>
            <Value>Shrink_2D_f64_AF_INTERP_BILINEAR</Value>
          </Entry>
          <Entry>
            <Name>Shrink_2D_f64_AF_INTERP_NEAREST</Name>
            <Value>Shrink_2D_f64_AF_INTERP_NEAREST</Value>
          </Entry>
          <Entry>
            <Name>Rotate_f32_INTERP_NEAREST</Name>
            <Value>Rotate_f32_INTERP_NEAREST</Value>
          </Entry>
          <Entry>
            <Name>Rotate_f64_INTERP_NEAREST</Name>
            <Value>Rotate_f64_INTERP_NEAREST</Value>
          </Entry>
          <Entry>
            <Name>Sort_f32_ASCENDING</Name>
            <Value>Sort_f32_ASCENDING</Value>
          </Entry>
          <Entry>
            <Name>Sort_f32_DESCENDING</Name>
            <Value>Sort_f32_DESCENDING</Value>
          </Entry>
          <Entry>
            <Name>Sort_f64_ASCENDING</Name>
            <Value>Sort_f64_ASCENDING</Value>
          </Entry>
          <Entry>
            <Name>Sort_f64_DESCENDING</Name>
            <Value>Sort_f64_DESCENDING</Value>
          </Entry>
          <Entry>
            <Name>Sum_1D_f32</Name>
            <Value>Sum_1D_f32</Value>
          </Entry>
          <Entry>
            <Name>Sum_1D_f64</Name>
            <Value>Sum_1D_f64</Value>
          </Entry>
          <Entry>
            <Name>Sum_2D_f32</Name>
            <Value>Sum_2D_f32</Value>
          </Entry>
          <Entry>
            <Name>Sum_2D_f64</Name>
            <Value>Sum_2D_f64</Value>
          </Entry>
          <Entry>
            <Name>Transpose_f32</Name>
            <Value>Transpose_f32</Value>
          </Entry>
          <Entry>
            <Name>Transpose_f64</Name>
            <Value>Transpose_f64</Value>
          </Entry>
      </Menu>
  </Option>
  </TestSettings>
</PhoronixTestSuite>
